#OTF columns labels
#ID    type    label    Lon1            Lat1            Lon2            Lat2          frame  sFrame   geometry  descr direction duration       offsetFrame     LonOffset       LatOffset
1	SIDEREAL	virgoa
2	OTFC	1	1.0d	EQ	EQ	LAT	INC	20.0	-EQOFFS	0.00000d	-0.493056d
3	OTFC	1	1.0d	EQ	EQ	LAT	DEC	20.0	-EQOFFS	0.00000d	-0.479167d 
4	OTFC	1	1.0d	EQ	EQ	LAT	INC	20.0	-EQOFFS	0.00000d	-0.465278d 
5	OTFC	1	1.0d	EQ	EQ	LAT	DEC	20.0	-EQOFFS	0.00000d	-0.451389d 
6	OTFC	1	1.0d	EQ	EQ	LAT	INC	20.0	-EQOFFS	0.00000d	-0.437500d 
7	OTFC	1	1.0d	EQ	EQ	LAT	DEC	20.0	-EQOFFS	0.00000d	-0.423611d 
8	OTFC	1	1.0d	EQ	EQ	LAT	INC	20.0	-EQOFFS	0.00000d	-0.409722d 
9	OTFC	1	1.0d	EQ	EQ	LAT	DEC	20.0	-EQOFFS	0.00000d	-0.395833d 
10	OTFC	1	1.0d	EQ	EQ	LAT	INC	20.0	-EQOFFS	0.00000d	-0.381944d
11	OTFC	1	1.0d	EQ	EQ	LAT	DEC	20.0	-EQOFFS	0.00000d	-0.368056d
12	OTFC	1	1.0d	EQ	EQ	LAT	INC	20.0	-EQOFFS	0.00000d	-0.354167d
13	OTFC	1	1.0d	EQ	EQ	LAT	DEC	20.0	-EQOFFS	0.00000d	-0.340278d
14	OTFC	1	1.0d	EQ	EQ	LAT	INC	20.0	-EQOFFS	0.00000d	-0.326389d
15	OTFC	1	1.0d	EQ	EQ	LAT	DEC	20.0	-EQOFFS	0.00000d	-0.312500d
16	OTFC	1	1.0d	EQ	EQ	LAT	INC	20.0	-EQOFFS	0.00000d	-0.298611d
17	OTFC	1	1.0d	EQ	EQ	LAT	DEC	20.0	-EQOFFS	0.00000d	-0.284722d
18	OTFC	1	1.0d	EQ	EQ	LAT	INC	20.0	-EQOFFS	0.00000d	-0.270833d
19	OTFC	1	1.0d	EQ	EQ	LAT	DEC	20.0	-EQOFFS	0.00000d	-0.256944d
20	OTFC	1	1.0d	EQ	EQ	LAT	INC	20.0	-EQOFFS	0.00000d	-0.243056d
21	OTFC	1	1.0d	EQ	EQ	LAT	DEC	20.0	-EQOFFS	0.00000d	-0.229167d
22	OTFC	1	1.0d	EQ	EQ	LAT	INC	20.0	-EQOFFS	0.00000d	-0.215278d
23	OTFC	1	1.0d	EQ	EQ	LAT	DEC	20.0	-EQOFFS	0.00000d	-0.201389d
24	OTFC	1	1.0d	EQ	EQ	LAT	INC	20.0	-EQOFFS	0.00000d	-0.187500d
25	OTFC	1	1.0d	EQ	EQ	LAT	DEC	20.0	-EQOFFS	0.00000d	-0.173611d
26	OTFC	1	1.0d	EQ	EQ	LAT	INC	20.0	-EQOFFS	0.00000d	-0.159722d
27	OTFC	1	1.0d	EQ	EQ	LAT	DEC	20.0	-EQOFFS	0.00000d	-0.145833d
28	OTFC	1	1.0d	EQ	EQ	LAT	INC	20.0	-EQOFFS	0.00000d	-0.131944d
29	OTFC	1	1.0d	EQ	EQ	LAT	DEC	20.0	-EQOFFS	0.00000d	-0.118056d
30	OTFC	1	1.0d	EQ	EQ	LAT	INC	20.0	-EQOFFS	0.00000d	-0.104167d
31	OTFC	1	1.0d	EQ	EQ	LAT	DEC	20.0	-EQOFFS	0.00000d	-0.0902778d
32	OTFC	1	1.0d	EQ	EQ	LAT	INC	20.0	-EQOFFS	0.00000d	-0.0763889d
33	OTFC	1	1.0d	EQ	EQ	LAT	DEC	20.0	-EQOFFS	0.00000d	-0.0625000d
34	OTFC	1	1.0d	EQ	EQ	LAT	INC	20.0	-EQOFFS	0.00000d	-0.0486111d
35	OTFC	1	1.0d	EQ	EQ	LAT	DEC	20.0	-EQOFFS	0.00000d	-0.0347222d
36	OTFC	1	1.0d	EQ	EQ	LAT	INC	20.0	-EQOFFS	0.00000d	-0.0208333d
37	OTFC	1	1.0d	EQ	EQ	LAT	DEC	20.0	-EQOFFS	0.00000d	-0.00694444
38	OTFC	1	1.0d	EQ	EQ	LAT	INC	20.0	-EQOFFS	0.00000d	0.00694444d
39	OTFC	1	1.0d	EQ	EQ	LAT	DEC	20.0	-EQOFFS	0.00000d	0.0208333d
40	OTFC	1	1.0d	EQ	EQ	LAT	INC	20.0	-EQOFFS	0.00000d	0.0347222d
41	OTFC	1	1.0d	EQ	EQ	LAT	DEC	20.0	-EQOFFS	0.00000d	0.0486111d
42	OTFC	1	1.0d	EQ	EQ	LAT	INC	20.0	-EQOFFS	0.00000d	0.0625000d
43	OTFC	1	1.0d	EQ	EQ	LAT	DEC	20.0	-EQOFFS	0.00000d	0.0763889d
44	OTFC	1	1.0d	EQ	EQ	LAT	INC	20.0	-EQOFFS	0.00000d	0.0902778d
45	OTFC	1	1.0d	EQ	EQ	LAT	DEC	20.0	-EQOFFS	0.00000d	0.104167d
46	OTFC	1	1.0d	EQ	EQ	LAT	INC	20.0	-EQOFFS	0.00000d	0.118056d
47	OTFC	1	1.0d	EQ	EQ	LAT	DEC	20.0	-EQOFFS	0.00000d	0.131944d
48	OTFC	1	1.0d	EQ	EQ	LAT	INC	20.0	-EQOFFS	0.00000d	0.145833d
49	OTFC	1	1.0d	EQ	EQ	LAT	DEC	20.0	-EQOFFS	0.00000d	0.159722d
50	OTFC	1	1.0d	EQ	EQ	LAT	INC	20.0	-EQOFFS	0.00000d	0.173611d
51	OTFC	1	1.0d	EQ	EQ	LAT	DEC	20.0	-EQOFFS	0.00000d	0.187500d
52	OTFC	1	1.0d	EQ	EQ	LAT	INC	20.0	-EQOFFS	0.00000d	0.201389d
53	OTFC	1	1.0d	EQ	EQ	LAT	DEC	20.0	-EQOFFS	0.00000d	0.215278d
54	OTFC	1	1.0d	EQ	EQ	LAT	INC	20.0	-EQOFFS	0.00000d	0.229167d
55	OTFC	1	1.0d	EQ	EQ	LAT	DEC	20.0	-EQOFFS	0.00000d	0.243056d
56	OTFC	1	1.0d	EQ	EQ	LAT	INC	20.0	-EQOFFS	0.00000d	0.256944d
57	OTFC	1	1.0d	EQ	EQ	LAT	DEC	20.0	-EQOFFS	0.00000d	0.270833d
58	OTFC	1	1.0d	EQ	EQ	LAT	INC	20.0	-EQOFFS	0.00000d	0.284722d
59	OTFC	1	1.0d	EQ	EQ	LAT	DEC	20.0	-EQOFFS	0.00000d	0.298611d
60	OTFC	1	1.0d	EQ	EQ	LAT	INC	20.0	-EQOFFS	0.00000d	0.312500d
61	OTFC	1	1.0d	EQ	EQ	LAT	DEC	20.0	-EQOFFS	0.00000d	0.326389d
62	OTFC	1	1.0d	EQ	EQ	LAT	INC	20.0	-EQOFFS	0.00000d	0.340278d
63	OTFC	1	1.0d	EQ	EQ	LAT	DEC	20.0	-EQOFFS	0.00000d	0.354167d
64	OTFC	1	1.0d	EQ	EQ	LAT	INC	20.0	-EQOFFS	0.00000d	0.368056d
65	OTFC	1	1.0d	EQ	EQ	LAT	DEC	20.0	-EQOFFS	0.00000d	0.381944d
66	OTFC	1	1.0d	EQ	EQ	LAT	INC	20.0	-EQOFFS	0.00000d	0.395833d
67	OTFC	1	1.0d	EQ	EQ	LAT	DEC	20.0	-EQOFFS	0.00000d	0.409722d
68	OTFC	1	1.0d	EQ	EQ	LAT	INC	20.0	-EQOFFS	0.00000d	0.423611d
69	OTFC	1	1.0d	EQ	EQ	LAT	DEC	20.0	-EQOFFS	0.00000d	0.437500d
70	OTFC	1	1.0d	EQ	EQ	LAT	INC	20.0	-EQOFFS	0.00000d	0.451389d
71	OTFC	1	1.0d	EQ	EQ	LAT	DEC	20.0	-EQOFFS	0.00000d	0.465278d
72	OTFC	1	1.0d	EQ	EQ	LAT	INC	20.0	-EQOFFS	0.00000d	0.479167d
73	OTFC	1	1.0d	EQ	EQ	LAT	DEC	20.0	-EQOFFS	0.00000d	0.493056d





































































































































