10	SIDEREAL	3c48
11	SIDEREAL	3c48	-HOROFFS	1.0d	0.0d
12	OTFC	10	1.0d	EQ	HOR	LAT	INC	30.0
13	OTFC	10	1.0d	EQ	HOR	LON	INC	30.0

20	SIDEREAL	3c123
21	SIDEREAL	3c123	-HOROFFS	1.0d	0.0d
22	OTFC	20	1.0d	EQ	HOR	LAT	INC	30.0
23	OTFC	20	1.0d	EQ	HOR	LON	INC	30.0

30	SIDEREAL	3c147
31	SIDEREAL	3c147	-HOROFFS	1.0d	0.0d
32	OTFC	30	1.0d	EQ	HOR	LAT	INC	30.0
33	OTFC	30	1.0d	EQ	HOR	LON	INC	30.0

40	SIDEREAL	3c161
41	SIDEREAL	3c161	-HOROFFS	1.0d	0.0d
42	OTFC	40	1.0d	EQ	HOR	LAT	INC	30.0
43	OTFC	40	1.0d	EQ	HOR	LON	INC	30.0

50	SIDEREAL	K19	EQ	06:39:21.0h	73:24:54.0	2000.0
51	SIDEREAL	K19	EQ	06:39:21.0h	73:24:54.0	2000.0	-HOROFFS	1.0d	0.0d
52	OTFC	50	1.0d	EQ	HOR	LAT	INC	30.0
53	OTFC	50	1.0d	EQ	HOR	LON	INC	30.0

60	SIDEREAL	3c218
61	SIDEREAL	3c218	-HOROFFS	1.0d	0.0d
62	OTFC	60	1.0d	EQ	HOR	LAT	INC	30.0
63	OTFC	60	1.0d	EQ	HOR	LON	INC	30.0

70	SIDEREAL	3c227
71	SIDEREAL	3c227	-HOROFFS	1.0d	0.0d
72	OTFC	70	1.0d	EQ	HOR	LAT	INC	30.0
73	OTFC	70	1.0d	EQ	HOR	LON	INC	30.0

80	SIDEREAL	3c249.1
81	SIDEREAL	3c249.1	-HOROFFS	1.0d	0.0d
82	OTFC	80	1.0d	EQ	HOR	LAT	INC	30.0
83	OTFC	80	1.0d	EQ	HOR	LON	INC	30.0

90	SIDEREAL	virgoa
91	SIDEREAL	virgoa	-HOROFFS	1.0d	0.0d
92	OTFC	90	1.0d	EQ	HOR	LAT	INC	30.0
93	OTFC	90	1.0d	EQ	HOR	LON	INC	30.0

100	SIDEREAL	3c286
101	SIDEREAL	3c286	-HOROFFS	1.0d	0.0d
102	OTFC	100	1.0d	EQ	HOR	LAT	INC	30.0
103	OTFC	100	1.0d	EQ	HOR	LON	INC	30.0

110	SIDEREAL	3c295
111	SIDEREAL	3c295	-HOROFFS	1.0d	0.0d
112	OTFC	110	1.0d	EQ	HOR	LAT	INC	30.0
113	OTFC	110	1.0d	EQ	HOR	LON	INC	30.0

120	SIDEREAL	3c348
121	SIDEREAL	3c348	-HOROFFS	1.0d	0.0d
122	OTFC	120	1.0d	EQ	HOR	LAT	INC	30.0
123	OTFC	120	1.0d	EQ	HOR	LON	INC	30.0

130	SIDEREAL	3c353	EQ	260.11173d	-0.9798d	2000.0
131	SIDEREAL	3c353	EQ	260.11173d	-0.9798d	2000.0	-HOROFFS	1.0d	0.0d
132	OTFC	130	1.0d	EQ	HOR	LAT	INC	30.0
133	OTFC	130	1.0d	EQ	HOR	LON	INC	30.0

140	SIDEREAL	ngc7027	EQ	21:07:01.593h	42:14:10.18	2000.0
141	SIDEREAL	ngc7027	EQ	21:07:01.593h	42:14:10.18	2000.0	-HOROFFS	1.0d	0.0d
142	OTFC	140	1.0d	EQ	HOR	LAT	INC	30.0
143	OTFC	140	1.0d	EQ	HOR	LON	INC	30.0

150	SIDEREAL	K55	EQ	19:27:54.0h	73:58:15.6	2000.0
151	SIDEREAL	K55	EQ	19:27:54.0h	73:58:15.6	2000.0	-HOROFFS	1.0d	0.0d
152	OTFC	150	1.0d	EQ	HOR	LAT	INC	30.0
153	OTFC	150	1.0d	EQ	HOR	LON	INC	30.0

160	SIDEREAL	dr21
161	SIDEREAL	dr21	-HOROFFS	1.0d	0.0d
162	OTFC	160	1.0d	EQ	HOR	LAT	INC	30.0
163	OTFC	160	1.0d	EQ	HOR	LON	INC	30.0
